
=== Sun Mar 14 13:00:00 2021

Packages were changed.
Update Mode: mergeDefaultDependencies

The following packages were updated:
  com.unity.analytics from version 3.2.2 to 3.3.2
  com.unity.collab-proxy from version 1.2.9 to 1.2.16
  com.unity.package-manager-ui from version 2.1.1 to 2.1.2
  com.unity.purchasing from version 2.0.1 to 2.0.6
  com.unity.textmeshpro from version 1.3.0 to 2.0.1
  com.unity.timeline from version 0.0.0-builtin to 1.0.0

=== Sun Mar 14 13:09:39 2021

Packages were changed.
Update Mode: mergeDefaultDependencies

The following packages were added:
  com.unity.2d.sprite@1.0.0
  com.unity.ide.rider@1.1.4
  com.unity.ide.vscode@1.2.3
  com.unity.test-framework@1.1.20
  com.unity.ugui@1.0.0
  com.unity.modules.androidjni@1.0.0
The following packages were updated:
  com.unity.textmeshpro from version 2.0.1 to 2.1.1
  com.unity.timeline from version 1.0.0 to 1.2.17

=== Sun Mar 14 13:17:49 2021

Packages were changed.
Update Mode: resetToDefaultDependencies

The following packages were updated:
  com.unity.textmeshpro from version 2.1.1 to 2.0.1
  com.unity.timeline from version 1.2.17 to 1.0.0
The following packages were removed:
  com.unity.2d.sprite@1.0.0
  com.unity.ide.rider@1.1.4
  com.unity.ide.vscode@1.2.3
  com.unity.test-framework@1.1.20
  com.unity.ugui@1.0.0
  com.unity.modules.androidjni@1.0.0
